[2023-10-23 10:44:25:758][main] INFO  com.com4in.itsm.ItsmApplication - Starting ItsmApplication using Java 11.0.17 on DESKTOP-L0NBJRL with PID 16612 (D:\com4in\back\itsm\build\classes\java\main started by ykPark in D:\com4in\back\itsm)
[2023-10-23 10:44:25:763][main] INFO  com.com4in.itsm.ItsmApplication - No active profile set, falling back to 1 default profile: "default"
[2023-10-23 10:44:26:2012][main] INFO  o.s.c.s.PostProcessorRegistrationDelegate$BeanPostProcessorChecker - Bean 'org.springframework.ws.config.annotation.DelegatingWsConfiguration' of type [org.springframework.ws.config.annotation.DelegatingWsConfiguration$$EnhancerBySpringCGLIB$$fec39ce8] is not eligible for getting processed by all BeanPostProcessors (for example: not eligible for auto-proxying)
[2023-10-23 10:44:26:2035][main] WARN  o.s.xml.DocumentBuilderFactoryUtils - http://javax.xml.XMLConstants/property/accessExternalDTD property not supported by org.apache.xerces.jaxp.DocumentBuilderFactoryImpl
[2023-10-23 10:44:26:2036][main] WARN  o.s.xml.DocumentBuilderFactoryUtils - http://javax.xml.XMLConstants/property/accessExternalSchema property not supported by org.apache.xerces.jaxp.DocumentBuilderFactoryImpl
[2023-10-23 10:44:26:2080][main] INFO  o.s.w.s.a.s.AnnotationActionEndpointMapping - Supporting [WS-Addressing August 2004, WS-Addressing 1.0]
[2023-10-23 10:44:26:2362][main] INFO  o.s.b.w.e.tomcat.TomcatWebServer - Tomcat initialized with port(s): 8887 (http)
[2023-10-23 10:44:26:2378][main] INFO  o.a.coyote.http11.Http11NioProtocol - Initializing ProtocolHandler ["http-nio-8887"]
[2023-10-23 10:44:26:2378][main] INFO  o.a.catalina.core.StandardService - Starting service [Tomcat]
[2023-10-23 10:44:26:2378][main] INFO  o.a.catalina.core.StandardEngine - Starting Servlet engine: [Apache Tomcat/9.0.71]
[2023-10-23 10:44:27:2581][main] INFO  o.a.c.c.C.[Tomcat].[localhost].[/] - Initializing Spring embedded WebApplicationContext
[2023-10-23 10:44:27:2581][main] INFO  o.s.b.w.s.c.ServletWebServerApplicationContext - Root WebApplicationContext: initialization completed in 1775 ms
[2023-10-23 10:44:28:3509][main] INFO  o.s.s.w.DefaultSecurityFilterChain - Will secure any request with [org.springframework.security.web.session.DisableEncodeUrlFilter@5a78b52b, org.springframework.security.web.context.request.async.WebAsyncManagerIntegrationFilter@4bab78ce, org.springframework.security.web.context.SecurityContextPersistenceFilter@37b238da, org.springframework.security.web.header.HeaderWriterFilter@1b485c8b, org.springframework.web.filter.CorsFilter@42ffbab6, org.springframework.security.web.authentication.logout.LogoutFilter@543da15, com.com4in.itsm.jwt.JwtFilter@7672960e, org.springframework.security.web.authentication.UsernamePasswordAuthenticationFilter@5ec6a1b6, org.springframework.security.web.authentication.www.BasicAuthenticationFilter@3b25709e, org.springframework.security.web.savedrequest.RequestCacheAwareFilter@ce19c86, org.springframework.security.web.servletapi.SecurityContextHolderAwareRequestFilter@68479e8b, org.springframework.security.web.authentication.AnonymousAuthenticationFilter@69bca406, org.springframework.security.web.session.SessionManagementFilter@591e5fd4, org.springframework.security.web.access.ExceptionTranslationFilter@6d2db15b, org.springframework.security.web.access.intercept.FilterSecurityInterceptor@5cfa2ac5]
[2023-10-23 10:44:28:3672][main] WARN  o.s.x.t.TransformerFactoryUtils - http://javax.xml.XMLConstants/property/accessExternalDTD property not supported by org.apache.xalan.processor.TransformerFactoryImpl
[2023-10-23 10:44:28:3672][main] WARN  o.s.x.t.TransformerFactoryUtils - http://javax.xml.XMLConstants/property/accessExternalStylesheet property not supported by org.apache.xalan.processor.TransformerFactoryImpl
[2023-10-23 10:44:28:3728][main] INFO  o.a.coyote.http11.Http11NioProtocol - Starting ProtocolHandler ["http-nio-8887"]
[2023-10-23 10:44:28:3752][main] INFO  o.s.b.w.e.tomcat.TomcatWebServer - Tomcat started on port(s): 8887 (http) with context path ''
[2023-10-23 10:44:28:4093][main] INFO  com.com4in.itsm.ItsmApplication - Started ItsmApplication in 3.888 seconds (JVM running for 5.848)
[2023-10-23 10:46:58:608][main] INFO  com.com4in.itsm.ItsmApplication - Starting ItsmApplication using Java 11.0.17 on DESKTOP-L0NBJRL with PID 17112 (D:\com4in\back\itsm\build\classes\java\main started by ykPark in D:\com4in\back\itsm)
[2023-10-23 10:46:58:610][main] INFO  com.com4in.itsm.ItsmApplication - No active profile set, falling back to 1 default profile: "default"
[2023-10-23 10:46:59:1522][main] INFO  o.s.c.s.PostProcessorRegistrationDelegate$BeanPostProcessorChecker - Bean 'org.springframework.ws.config.annotation.DelegatingWsConfiguration' of type [org.springframework.ws.config.annotation.DelegatingWsConfiguration$$EnhancerBySpringCGLIB$$149d403d] is not eligible for getting processed by all BeanPostProcessors (for example: not eligible for auto-proxying)
[2023-10-23 10:46:59:1537][main] WARN  o.s.xml.DocumentBuilderFactoryUtils - http://javax.xml.XMLConstants/property/accessExternalDTD property not supported by org.apache.xerces.jaxp.DocumentBuilderFactoryImpl
[2023-10-23 10:46:59:1537][main] WARN  o.s.xml.DocumentBuilderFactoryUtils - http://javax.xml.XMLConstants/property/accessExternalSchema property not supported by org.apache.xerces.jaxp.DocumentBuilderFactoryImpl
[2023-10-23 10:46:59:1566][main] INFO  o.s.w.s.a.s.AnnotationActionEndpointMapping - Supporting [WS-Addressing August 2004, WS-Addressing 1.0]
[2023-10-23 10:47:00:1812][main] INFO  o.s.b.w.e.tomcat.TomcatWebServer - Tomcat initialized with port(s): 8887 (http)
[2023-10-23 10:47:00:1819][main] INFO  o.a.coyote.http11.Http11NioProtocol - Initializing ProtocolHandler ["http-nio-8887"]
[2023-10-23 10:47:00:1819][main] INFO  o.a.catalina.core.StandardService - Starting service [Tomcat]
[2023-10-23 10:47:00:1820][main] INFO  o.a.catalina.core.StandardEngine - Starting Servlet engine: [Apache Tomcat/9.0.71]
[2023-10-23 10:47:00:1950][main] INFO  o.a.c.c.C.[Tomcat].[localhost].[/] - Initializing Spring embedded WebApplicationContext
[2023-10-23 10:47:00:1950][main] INFO  o.s.b.w.s.c.ServletWebServerApplicationContext - Root WebApplicationContext: initialization completed in 1310 ms
[2023-10-23 10:47:01:2843][main] INFO  o.s.s.w.DefaultSecurityFilterChain - Will secure any request with [org.springframework.security.web.session.DisableEncodeUrlFilter@4e51eda7, org.springframework.security.web.context.request.async.WebAsyncManagerIntegrationFilter@2862271a, org.springframework.security.web.context.SecurityContextPersistenceFilter@7a3a49e5, org.springframework.security.web.header.HeaderWriterFilter@158e6fc2, org.springframework.web.filter.CorsFilter@2419fe6f, org.springframework.security.web.authentication.logout.LogoutFilter@4cef0747, com.com4in.itsm.jwt.JwtFilter@78fb72cb, org.springframework.security.web.authentication.UsernamePasswordAuthenticationFilter@4583b617, org.springframework.security.web.authentication.www.BasicAuthenticationFilter@32e7b78d, org.springframework.security.web.savedrequest.RequestCacheAwareFilter@acd3460, org.springframework.security.web.servletapi.SecurityContextHolderAwareRequestFilter@3ea9a091, org.springframework.security.web.authentication.AnonymousAuthenticationFilter@398694a6, org.springframework.security.web.session.SessionManagementFilter@6eaf030c, org.springframework.security.web.access.ExceptionTranslationFilter@4a7db5a, org.springframework.security.web.access.intercept.FilterSecurityInterceptor@42ffbab6]
[2023-10-23 10:47:01:2991][main] WARN  o.s.x.t.TransformerFactoryUtils - http://javax.xml.XMLConstants/property/accessExternalDTD property not supported by org.apache.xalan.processor.TransformerFactoryImpl
[2023-10-23 10:47:01:2991][main] WARN  o.s.x.t.TransformerFactoryUtils - http://javax.xml.XMLConstants/property/accessExternalStylesheet property not supported by org.apache.xalan.processor.TransformerFactoryImpl
[2023-10-23 10:47:01:3047][main] INFO  o.a.coyote.http11.Http11NioProtocol - Starting ProtocolHandler ["http-nio-8887"]
[2023-10-23 10:47:01:3070][main] INFO  o.s.b.w.e.tomcat.TomcatWebServer - Tomcat started on port(s): 8887 (http) with context path ''
[2023-10-23 10:47:01:3497][main] INFO  com.com4in.itsm.ItsmApplication - Started ItsmApplication in 3.33 seconds (JVM running for 4.904)
[2023-10-23 10:47:56:539][main] INFO  com.com4in.itsm.ItsmApplication - Starting ItsmApplication using Java 11.0.17 on DESKTOP-L0NBJRL with PID 18060 (D:\com4in\back\itsm\build\classes\java\main started by ykPark in D:\com4in\back\itsm)
[2023-10-23 10:47:56:541][main] INFO  com.com4in.itsm.ItsmApplication - No active profile set, falling back to 1 default profile: "default"
[2023-10-23 10:47:57:1416][main] INFO  o.s.c.s.PostProcessorRegistrationDelegate$BeanPostProcessorChecker - Bean 'org.springframework.ws.config.annotation.DelegatingWsConfiguration' of type [org.springframework.ws.config.annotation.DelegatingWsConfiguration$$EnhancerBySpringCGLIB$$e0ef544e] is not eligible for getting processed by all BeanPostProcessors (for example: not eligible for auto-proxying)
[2023-10-23 10:47:57:1431][main] WARN  o.s.xml.DocumentBuilderFactoryUtils - http://javax.xml.XMLConstants/property/accessExternalDTD property not supported by org.apache.xerces.jaxp.DocumentBuilderFactoryImpl
[2023-10-23 10:47:57:1432][main] WARN  o.s.xml.DocumentBuilderFactoryUtils - http://javax.xml.XMLConstants/property/accessExternalSchema property not supported by org.apache.xerces.jaxp.DocumentBuilderFactoryImpl
[2023-10-23 10:47:57:1458][main] INFO  o.s.w.s.a.s.AnnotationActionEndpointMapping - Supporting [WS-Addressing August 2004, WS-Addressing 1.0]
[2023-10-23 10:47:57:1688][main] INFO  o.s.b.w.e.tomcat.TomcatWebServer - Tomcat initialized with port(s): 8887 (http)
[2023-10-23 10:47:57:1696][main] INFO  o.a.coyote.http11.Http11NioProtocol - Initializing ProtocolHandler ["http-nio-8887"]
[2023-10-23 10:47:57:1697][main] INFO  o.a.catalina.core.StandardService - Starting service [Tomcat]
[2023-10-23 10:47:57:1697][main] INFO  o.a.catalina.core.StandardEngine - Starting Servlet engine: [Apache Tomcat/9.0.71]
[2023-10-23 10:47:57:1816][main] INFO  o.a.c.c.C.[Tomcat].[localhost].[/] - Initializing Spring embedded WebApplicationContext
[2023-10-23 10:47:57:1816][main] INFO  o.s.b.w.s.c.ServletWebServerApplicationContext - Root WebApplicationContext: initialization completed in 1242 ms
[2023-10-23 10:47:58:2540][main] INFO  o.s.s.w.DefaultSecurityFilterChain - Will secure any request with [org.springframework.security.web.session.DisableEncodeUrlFilter@65ad2b42, org.springframework.security.web.context.request.async.WebAsyncManagerIntegrationFilter@294ebe11, org.springframework.security.web.context.SecurityContextPersistenceFilter@369a95a5, org.springframework.security.web.header.HeaderWriterFilter@acd3460, org.springframework.web.filter.CorsFilter@4e51eda7, org.springframework.security.web.authentication.logout.LogoutFilter@352c3d70, com.com4in.itsm.jwt.JwtFilter@2862271a, org.springframework.security.web.authentication.UsernamePasswordAuthenticationFilter@3c97f5e9, org.springframework.security.web.authentication.www.BasicAuthenticationFilter@3e9b3b3c, org.springframework.security.web.savedrequest.RequestCacheAwareFilter@69d7bc1a, org.springframework.security.web.servletapi.SecurityContextHolderAwareRequestFilter@cb318ac, org.springframework.security.web.authentication.AnonymousAuthenticationFilter@2419fe6f, org.springframework.security.web.session.SessionManagementFilter@16f4a3c0, org.springframework.security.web.access.ExceptionTranslationFilter@7a3a49e5, org.springframework.security.web.access.intercept.FilterSecurityInterceptor@5a78b52b]
[2023-10-23 10:47:58:2643][main] WARN  o.s.x.t.TransformerFactoryUtils - http://javax.xml.XMLConstants/property/accessExternalDTD property not supported by org.apache.xalan.processor.TransformerFactoryImpl
[2023-10-23 10:47:58:2643][main] WARN  o.s.x.t.TransformerFactoryUtils - http://javax.xml.XMLConstants/property/accessExternalStylesheet property not supported by org.apache.xalan.processor.TransformerFactoryImpl
[2023-10-23 10:47:58:2695][main] INFO  o.a.coyote.http11.Http11NioProtocol - Starting ProtocolHandler ["http-nio-8887"]
[2023-10-23 10:47:58:2711][main] INFO  o.s.b.w.e.tomcat.TomcatWebServer - Tomcat started on port(s): 8887 (http) with context path ''
[2023-10-23 10:47:58:2990][main] INFO  com.com4in.itsm.ItsmApplication - Started ItsmApplication in 2.86 seconds (JVM running for 4.216)
[2023-10-23 10:48:15:19105][http-nio-8887-exec-1] INFO  o.a.c.c.C.[Tomcat].[localhost].[/] - Initializing Spring DispatcherServlet 'dispatcherServlet'
[2023-10-23 10:48:15:19105][http-nio-8887-exec-1] INFO  o.s.web.servlet.DispatcherServlet - Initializing Servlet 'dispatcherServlet'
[2023-10-23 10:48:15:19116][http-nio-8887-exec-1] INFO  o.s.web.servlet.DispatcherServlet - Completed initialization in 11 ms
[2023-10-23 10:50:26:607][main] INFO  com.com4in.itsm.ItsmApplication - Starting ItsmApplication using Java 11.0.17 on DESKTOP-L0NBJRL with PID 9176 (D:\com4in\back\itsm\build\classes\java\main started by ykPark in D:\com4in\back\itsm)
[2023-10-23 10:50:26:609][main] INFO  com.com4in.itsm.ItsmApplication - No active profile set, falling back to 1 default profile: "default"
[2023-10-23 10:50:27:1667][main] INFO  o.s.c.s.PostProcessorRegistrationDelegate$BeanPostProcessorChecker - Bean 'org.springframework.ws.config.annotation.DelegatingWsConfiguration' of type [org.springframework.ws.config.annotation.DelegatingWsConfiguration$$EnhancerBySpringCGLIB$$9064c23a] is not eligible for getting processed by all BeanPostProcessors (for example: not eligible for auto-proxying)
[2023-10-23 10:50:27:1684][main] WARN  o.s.xml.DocumentBuilderFactoryUtils - http://javax.xml.XMLConstants/property/accessExternalDTD property not supported by org.apache.xerces.jaxp.DocumentBuilderFactoryImpl
[2023-10-23 10:50:27:1685][main] WARN  o.s.xml.DocumentBuilderFactoryUtils - http://javax.xml.XMLConstants/property/accessExternalSchema property not supported by org.apache.xerces.jaxp.DocumentBuilderFactoryImpl
[2023-10-23 10:50:28:1716][main] INFO  o.s.w.s.a.s.AnnotationActionEndpointMapping - Supporting [WS-Addressing August 2004, WS-Addressing 1.0]
[2023-10-23 10:50:28:1972][main] INFO  o.s.b.w.e.tomcat.TomcatWebServer - Tomcat initialized with port(s): 8887 (http)
[2023-10-23 10:50:28:1972][main] INFO  o.a.coyote.http11.Http11NioProtocol - Initializing ProtocolHandler ["http-nio-8887"]
[2023-10-23 10:50:28:1972][main] INFO  o.a.catalina.core.StandardService - Starting service [Tomcat]
[2023-10-23 10:50:28:1972][main] INFO  o.a.catalina.core.StandardEngine - Starting Servlet engine: [Apache Tomcat/9.0.71]
[2023-10-23 10:50:28:2087][main] INFO  o.a.c.c.C.[Tomcat].[localhost].[/] - Initializing Spring embedded WebApplicationContext
[2023-10-23 10:50:28:2087][main] INFO  o.s.b.w.s.c.ServletWebServerApplicationContext - Root WebApplicationContext: initialization completed in 1446 ms
[2023-10-23 10:50:29:2960][main] INFO  o.s.s.w.DefaultSecurityFilterChain - Will secure any request with [org.springframework.security.web.session.DisableEncodeUrlFilter@6cbbfe29, org.springframework.security.web.context.request.async.WebAsyncManagerIntegrationFilter@25823192, org.springframework.security.web.context.SecurityContextPersistenceFilter@cb318ac, org.springframework.security.web.header.HeaderWriterFilter@26495639, org.springframework.web.filter.CorsFilter@3df04fa1, org.springframework.security.web.authentication.logout.LogoutFilter@97beeaf, com.com4in.itsm.jwt.JwtFilter@5c25daad, org.springframework.security.web.authentication.UsernamePasswordAuthenticationFilter@2419fe6f, org.springframework.security.web.authentication.www.BasicAuthenticationFilter@2862271a, org.springframework.security.web.savedrequest.RequestCacheAwareFilter@75ee6f89, org.springframework.security.web.servletapi.SecurityContextHolderAwareRequestFilter@210d3a42, org.springframework.security.web.authentication.AnonymousAuthenticationFilter@6fdc2db6, org.springframework.security.web.session.SessionManagementFilter@369a95a5, org.springframework.security.web.access.ExceptionTranslationFilter@3ea9a091, org.springframework.security.web.access.intercept.FilterSecurityInterceptor@3c97f5e9]
[2023-10-23 10:50:29:3092][main] WARN  o.s.x.t.TransformerFactoryUtils - http://javax.xml.XMLConstants/property/accessExternalDTD property not supported by org.apache.xalan.processor.TransformerFactoryImpl
[2023-10-23 10:50:29:3092][main] WARN  o.s.x.t.TransformerFactoryUtils - http://javax.xml.XMLConstants/property/accessExternalStylesheet property not supported by org.apache.xalan.processor.TransformerFactoryImpl
[2023-10-23 10:50:29:3137][main] INFO  o.a.coyote.http11.Http11NioProtocol - Starting ProtocolHandler ["http-nio-8887"]
[2023-10-23 10:50:29:3154][main] INFO  o.s.b.w.e.tomcat.TomcatWebServer - Tomcat started on port(s): 8887 (http) with context path ''
[2023-10-23 10:50:29:3553][main] INFO  com.com4in.itsm.ItsmApplication - Started ItsmApplication in 3.385 seconds (JVM running for 4.849)
[2023-10-23 10:50:44:18208][http-nio-8887-exec-1] INFO  o.a.c.c.C.[Tomcat].[localhost].[/] - Initializing Spring DispatcherServlet 'dispatcherServlet'
[2023-10-23 10:50:44:18210][http-nio-8887-exec-1] INFO  o.s.web.servlet.DispatcherServlet - Initializing Servlet 'dispatcherServlet'
[2023-10-23 10:50:44:18211][http-nio-8887-exec-1] INFO  o.s.web.servlet.DispatcherServlet - Completed initialization in 1 ms
[2023-10-23 10:53:23:176767][http-nio-8887-exec-9] INFO  com.zaxxer.hikari.HikariDataSource - HikariPool-1 - Starting...
[2023-10-23 10:53:23:176841][http-nio-8887-exec-9] INFO  com.zaxxer.hikari.HikariDataSource - HikariPool-1 - Start completed.
[2023-10-23 10:53:23:176855][http-nio-8887-exec-9] INFO  jdbc.sqltiming - SELECT
            A.uuid,
            A.name,
            A.email,
            A.password,
            A.company_account,
            A.user_id ,
            B.company_name,
            A.comforin_manager
        FROM
            USER_LIST A
            LEFT JOIN COMPANY B ON B.company_account = A.company_account
        WHERE A.email= 'yk.park@com4in.com'
        ORDER BY A.create_date DESC
 {executed in 5 msec}
[2023-10-23 10:53:23:176859][http-nio-8887-exec-9] INFO  jdbc.resultsettable - 
|-------------------------------------|-----|-------------------|-------------------------------------------------------------|----------------|--------|-------------|-----------------|
|uuid                                 |name |email              |password                                                     |company_account |user_id |company_name |comforin_manager |
|-------------------------------------|-----|-------------------|-------------------------------------------------------------|----------------|--------|-------------|-----------------|
|c64ce725-6fb1-490e-ac10-6f592b2eced7 |박영광  |yk.park@com4in.com |$2a$10$EyOKMz67nPQ54Sm0Z9ktberIiJWKRAPeYINkFQZ79K1FIRVK05.q2 |com4in          |null    |null         |null             |
|-------------------------------------|-----|-------------------|-------------------------------------------------------------|----------------|--------|-------------|-----------------|

[2023-10-23 10:53:23:176959][http-nio-8887-exec-9] INFO  jdbc.sqltiming - SELECT
            A.uuid,
            A.name,
            A.email,
            A.password,
            A.company_account,
            A.user_id ,
            B.company_name,
            A.comforin_manager
        FROM
            USER_LIST A
            LEFT JOIN COMPANY B ON B.company_account = A.company_account
        WHERE A.email= 'yk.park@com4in.com'
        ORDER BY A.create_date DESC
 {executed in 0 msec}
[2023-10-23 10:53:23:176959][http-nio-8887-exec-9] INFO  jdbc.resultsettable - 
|-------------------------------------|-----|-------------------|-------------------------------------------------------------|----------------|--------|-------------|-----------------|
|uuid                                 |name |email              |password                                                     |company_account |user_id |company_name |comforin_manager |
|-------------------------------------|-----|-------------------|-------------------------------------------------------------|----------------|--------|-------------|-----------------|
|c64ce725-6fb1-490e-ac10-6f592b2eced7 |박영광  |yk.park@com4in.com |$2a$10$EyOKMz67nPQ54Sm0Z9ktberIiJWKRAPeYINkFQZ79K1FIRVK05.q2 |com4in          |null    |null         |null             |
|-------------------------------------|-----|-------------------|-------------------------------------------------------------|----------------|--------|-------------|-----------------|

[2023-10-23 10:53:23:177212][http-nio-8887-exec-5] INFO  jdbc.sqltiming - select
            n.uuid
            , n.title
            , date_format(n.create_date, '%Y-%m-%d') as create_date
            , n.create_id
            , n.open_date
            , n.close_date
            , (select name from USER_LIST ul WHERE email=n.create_id) as create_name
        FROM
            NOTICE_BOARD n
        WHERE
            1=1
            AND NOW() BETWEEN date_format(n.open_date, '%Y-%m-%d') AND date_format(n.close_date, '%Y-%m-%d')
        ORDER BY n.create_date DESC;
 {executed in 6 msec}
[2023-10-23 10:53:23:177213][http-nio-8887-exec-5] INFO  jdbc.resultsettable - 
|-----|------|------------|----------|----------|-----------|------------|
|uuid |title |create_date |create_id |open_date |close_date |create_name |
|-----|------|------------|----------|----------|-----------|------------|
|-----|------|------------|----------|----------|-----------|------------|

[2023-10-23 10:53:23:177219][http-nio-8887-exec-8] INFO  jdbc.sqltiming - SELECT
            i.uuid,
            i.title,
            i.company_account,
            i.req_level,
            i.inquirer,
            i.manager,
            i.comp_req_date,
            i.comp_date,
            i.module,
            i.create_id,
            date_format(i.create_date, '%Y-%m-%d' ) as create_date,
            i.update_id,
            i.update_date,
            i.req_type,
            i.inquirer_email,
            i.status_code,
            (SELECT label FROM COMMON_CODE WHERE main_code ='A01' AND sub_code = i.status_code) AS status,
            i.time_taken,
            c.company_name,
            u.name as manager_name,
            i.sap_incident_number,
            i.result_content
        FROM
            INCIDENT i
            INNER JOIN
                COMPANY c ON c.company_account=i.company_account
            LEFT JOIN
                USER_LIST u ON u.email = i.manager
        WHERE
            i.manager ='yk.park@com4in.com'
            AND i.status_code != '60'
        ORDER BY i.create_date DESC
 {executed in 13 msec}
[2023-10-23 10:53:23:177222][http-nio-8887-exec-8] INFO  jdbc.resultsettable - 
|-------------------------------------|---------|----------------|----------|---------|-------------------|--------------|-----------|-------|-------------------|------------|-------------------|------------|---------|-------------------|------------|-------|-----------|-------------|-----|--------------------|---------------|
|uuid                                 |title    |company_account |req_level |inquirer |manager            |comp_req_date |comp_date  |module |create_id          |create_date |update_id          |update_date |req_type |inquirer_email     |status_code |status |time_taken |company_name |name |sap_incident_number |result_content |
|-------------------------------------|---------|----------------|----------|---------|-------------------|--------------|-----------|-------|-------------------|------------|-------------------|------------|---------|-------------------|------------|-------|-----------|-------------|-----|--------------------|---------------|
|9a977a37-fd26-4ec7-8b26-d14fb2342cd7 |test     |Hyundaidi       |보통(5일)    |test     |yk.park@com4in.com |2023-08-18    |null       |EC     |yk.park@com4in.com |2023-08-11  |yk.park@com4in.com |[unread]    |권한관리     |yk.park@com4in.com |30          |진행완료   |00:30      |HDI          |박영광  |12                  |null           |
|882cceb7-caa5-49e3-bd6e-02ed026ea745 |test     |bighitenteT1    |보통(5일)    |테스트      |yk.park@com4in.com |2023-08-16    |null       |EC     |test@user.com      |2023-08-09  |yk.park@com4in.com |[unread]    |권한관리     |test@user.com      |20          |진행중    |00         |하이브          |박영광  |null                |null           |
|c76d7c6a-aebc-43c8-9909-a46d528fe240 |테스트 입니다. |bighitenteT1    |보통(5일)    |테스트      |yk.park@com4in.com |2023-08-16    |null       |EC     |test@user.com      |2023-08-09  |yk.park@com4in.com |[unread]    |권한관리     |test@user.com      |30          |진행완료   |00:30      |하이브          |박영광  |null                |null           |
|6333ab9e-365d-4549-a086-b40ae8ab905c |test     |bighitenteT1    |보통(5일)    |테스트      |yk.park@com4in.com |2023-08-15    |2023-08-08 |EC     |test@user.com      |2023-08-08  |test@user.com      |[unread]    |권한관리     |test@user.com      |50          |처리완료   |00:30      |하이브          |박영광  |null                |null           |
|71e2c98a-7f6b-4a5a-85a9-56f70363c800 |tset     |Hyundaidi       |보통(5일)    |test     |yk.park@com4in.com |2023-06-02    |null       |EC     |yk.park@com4in.com |2023-05-26  |yk.park@com4in.com |[unread]    |권한관리     |test@com4in.com    |30          |진행완료   |00:30      |HDI          |박영광  |null                |null           |
|-------------------------------------|---------|----------------|----------|---------|-------------------|--------------|-----------|-------|-------------------|------------|-------------------|------------|---------|-------------------|------------|-------|-----------|-------------|-----|--------------------|---------------|

[2023-10-23 10:53:31:185323][http-nio-8887-exec-6] INFO  jdbc.sqltiming - SELECT
            *
        FROM
            COMPANY
        WHERE
            company_account != 'com4in'
 {executed in 2 msec}
[2023-10-23 10:53:31:185325][http-nio-8887-exec-6] INFO  jdbc.resultsettable - 
|-------------------------------------|-------------|----------------|----------------------|------------|----------------------|------------|---------------------|-------------------|-----------|
|uuid                                 |company_name |company_account |create_id             |create_date |update_id             |update_date |operation_start_date |operation_end_date |mngmt_type |
|-------------------------------------|-------------|----------------|----------------------|------------|----------------------|------------|---------------------|-------------------|-----------|
|1707825f-7fe1-4acd-b963-f775284713da |HDI          |Hyundaidi       |suhee.lee@com4in.com  |[unread]    |null                  |[unread]    |2023-04-20           |2033-04-20         |dev        |
|393c2afd-7ac7-492c-9ecc-398b195044aa |하이브          |bighitenteT1    |null                  |[unread]    |null                  |[unread]    |2023-03-28           |2033-03-28         |dev        |
|5ab47c1e-6d6f-4aff-9252-2dac8e052444 |솔루스          |Solusam         |suhee.lee@com4in.com  |[unread]    |null                  |[unread]    |2023-01-01           |2033-04-24         |dev        |
|5b61c699-21eb-4f4e-98e4-c13ac910c37a |한온           |hanonsyste      |suhee.lee@com4in.com  |[unread]    |null                  |[unread]    |2023-01-01           |2033-04-24         |null       |
|66a7b033-6b6a-4005-88be-605ff1a91433 |원익           |wonikholdi      |inseon.kim@com4in.com |[unread]    |inseon.kim@com4in.com |[unread]    |2023-04-28           |2033-04-28         |dev        |
|bd89211f-5fe4-408a-b2ad-bb208c476c64 |인텔리안         |Intellian       |suhee.lee@com4in.com  |[unread]    |null                  |[unread]    |2023-01-01           |2033-04-24         |null       |
|c4893294-9bb0-4d3d-a1d6-253e87140d8f |test1        |test2           |yk.park@com4in.com    |[unread]    |null                  |[unread]    |2023-05-22           |2033-05-22         |dev        |
|e0400eb8-27e5-43d1-a4e2-c10915773a0b |야놀자          |yanolja         |suhee.lee@com4in.com  |[unread]    |null                  |[unread]    |2023-04-24           |2033-04-24         |null       |
|e91c4844-236a-46db-abc3-b81337fd6e38 |스마트로         |smatro          |suhee.lee@com4in.com  |[unread]    |null                  |[unread]    |2023-01-01           |2033-04-24         |null       |
|-------------------------------------|-------------|----------------|----------------------|------------|----------------------|------------|---------------------|-------------------|-----------|

[2023-10-23 10:53:31:185328][http-nio-8887-exec-9] INFO  jdbc.sqltiming - select
                *
            FROM
                FILE
            WHERE
				incident_uuid = 'bdd40bd1-bbbb-4154-80d1-6c181ccf83e2'
 {executed in 5 msec}
[2023-10-23 10:53:31:185328][http-nio-8887-exec-4] INFO  jdbc.sqltiming - select
            main_code,
            sub_code,
            label
            from COMMON_CODE
            where 1=1 and sub_code !='0' and use_yn = 'Y'
            order by order_val
 {executed in 6 msec}
[2023-10-23 10:53:31:185329][http-nio-8887-exec-9] INFO  jdbc.resultsettable - 
|-----|-----------|--------------|----------|----------|----------|----------|---------------|----------|------------|----------|------------|
|uuid |board_uuid |incident_uuid |file_name |file_type |file_path |file_size |file_full_name |create_id |create_date |update_id |update_date |
|-----|-----------|--------------|----------|----------|----------|----------|---------------|----------|------------|----------|------------|
|-----|-----------|--------------|----------|----------|----------|----------|---------------|----------|------------|----------|------------|

[2023-10-23 10:53:31:185333][http-nio-8887-exec-4] INFO  jdbc.resultsettable - 
|----------|---------|------------|
|main_code |sub_code |label       |
|----------|---------|------------|
|A01       |10       |등록          |
|A05       |10       |EC          |
|A04       |10       |시스템관리자      |
|A03       |10       |권한관리        |
|A02       |10       |보통(5일)      |
|A05       |20       |TIME-OFF    |
|A04       |20       |모듈운영자       |
|A03       |20       |기능개선/변경     |
|A02       |20       |긴급(3일)      |
|A01       |20       |진행중         |
|A02       |30       |매우긴급(1일)    |
|A04       |30       |일반이용자       |
|A03       |30       |데이터변경       |
|A05       |30       |RCM/RMK     |
|A01       |30       |진행완료        |
|A03       |40       |문의응대        |
|A01       |40       |취소          |
|A05       |40       |ONB/OFB     |
|A05       |50       |LMS         |
|A03       |50       |보고/문서작업     |
|A01       |50       |처리완료        |
|A01       |60       |삭제          |
|A05       |60       |PMGM        |
|A05       |70       |C&B         |
|A05       |80       |Succession  |
|A05       |90       |Platform/기타 |
|----------|---------|------------|

[2023-10-23 10:53:31:185340][http-nio-8887-exec-7] INFO  jdbc.sqltiming - SELECT
            a.*
        FROM
            USER_LIST a
        WHERE
            a.company_account = 'com4in'
        ORDER BY a.name ASC
 {executed in 12 msec}
[2023-10-23 10:53:31:185343][http-nio-8887-exec-7] INFO  jdbc.resultsettable - 
|-------------------------------------|-----|-------------------------|-------------------------------------------------------------|-------|----------------|-----|--------|---------------------|--------------------|---------------------|--------------------|-----------------|
|uuid                                 |name |email                    |password                                                     |leader |company_account |role |user_id |create_id            |create_date         |update_id            |update_date         |comforin_manager |
|-------------------------------------|-----|-------------------------|-------------------------------------------------------------|-------|----------------|-----|--------|---------------------|--------------------|---------------------|--------------------|-----------------|
|6b5fbc6f-6486-42cc-90d9-b4ffc21a5983 |강혜은  |hyeeun.kang@com4in.com   |$2a$10$KQhGV7b.w/WBg4RZGX676uNtbOyPG4WIWERHZz7c2oRMIeXB7aRYe |null   |com4in          |null |null    |suhee.lee@com4in.com |2023-04-24 00:00:00 |null                 |2023-06-26 00:00:00 |null             |
|44f76265-ccc5-49b0-b0a4-8f4c23652d16 |김보연  |boyeon.kim@com4in.com    |Init@1234                                                    |null   |com4in          |null |null    |suhee.lee@com4in.com |2023-04-24 00:00:00 |null                 |2023-04-28 00:00:00 |null             |
|404c82f1-ac15-40b9-80de-689c87e4729b |김시우  |siwu.kim@com4in.com      |$2a$10$PAEoLfxBMFoc77T3wmbnH.riTNgdZ3q/bPdGPgxI7uB.6.jWj3aza |null   |com4in          |null |null    |suhee.lee@com4in.com |2023-04-24 00:00:00 |null                 |2023-04-26 00:00:00 |null             |
|179a3670-457d-40b1-b4dc-2b3e4ba8329a |류정선  |jeongseon.ryu@com4in.com |$2a$10$NQSd.CKzKDOd0gECwk/dcuxNahkim4plgdwIORlWgEqWRVdoGO.8e |null   |com4in          |null |null    |suhee.lee@com4in.com |2023-04-24 00:00:00 |null                 |2023-04-27 00:00:00 |null             |
|c64ce725-6fb1-490e-ac10-6f592b2eced7 |박영광  |yk.park@com4in.com       |$2a$10$EyOKMz67nPQ54Sm0Z9ktberIiJWKRAPeYINkFQZ79K1FIRVK05.q2 |null   |com4in          |null |null    |yk.park@com4in.com   |2023-04-19 00:00:00 |null                 |2023-04-24 00:00:00 |null             |
|fa59ffee-ed3f-4b94-af00-6934b7b3bde8 |성주경  |jukyung.sung@com4in.com  |$2a$10$hG988VJwK1J4xZigfWApueOdOh8fIUWiOwX0TbCkFXrrblSs.WU.i |null   |com4in          |null |null    |yk.park@com4in.com   |2023-03-28 00:00:00 |null                 |2023-05-19 00:00:00 |null             |
|3de8b07a-522b-4e4c-9cdf-76f70f097932 |손석우  |seokwoo.son@com4in.com   |$2a$10$HbEMNL3RrFcfdq0jCmnkauES8fNnTVwurzjKwCoUAAk/I3e7EYOOm |null   |com4in          |null |null    |suhee.lee@com4in.com |2023-04-24 00:00:00 |null                 |2023-04-27 00:00:00 |null             |
|0eb7663b-1e91-49b3-a48f-c8c5b35e36f0 |양인주  |ybh@com4in.com           |$2a$10$YPbVW3LvjD.uTPt6ep4z2eRH0zABOOuLs7NHQfiB62vZhgFEooyWS |null   |com4in          |null |null    |suhee.lee@com4in.com |2023-04-24 00:00:00 |null                 |2023-05-19 00:00:00 |null             |
|aa1a89e6-6f81-41d8-93cb-5d2064135268 |오세운  |sales@com4in.com         |Init@1234                                                    |null   |com4in          |null |null    |yk.park@com4in.com   |2023-04-27 00:00:00 |null                 |2023-04-27 09:54:58 |null             |
|229bc231-2c62-48ea-a85b-1333bfbf52de |이강산  |kangsan.lee@com4in.com   |Init@1234                                                    |null   |com4in          |null |null    |suhee.lee@com4in.com |2023-04-24 00:00:00 |suhee.lee@com4in.com |2023-04-24 00:00:00 |null             |
|6fd7ee42-563d-4de7-b1b3-f4831917a2fc |이수희  |suhee.lee@com4in.com     |$2a$10$gPTgTGdH60GDF6YNj6eGN.yeqw7fiJUkrcv0oIOHHN5lJ.YiWp1vK |null   |com4in          |null |null    |yk.park@com4in.com   |2023-04-10 00:00:00 |null                 |2023-04-24 00:00:00 |null             |
|2b8f3c5e-c987-48bc-82b6-cc62f034ca8e |이영진  |youngjin.lee@com4in.com  |$2a$10$8hdTRs0UWoD01PWA7Q8DTufMbcywHRWWzd9g05t2OaCu.ac7tjdJu |null   |com4in          |null |null    |suhee.lee@com4in.com |2023-04-24 00:00:00 |null                 |2023-04-27 00:00:00 |null             |
|adb08b99-a3e9-4f12-86eb-082a9b3254b8 |이윤희  |yunhee.lee@com4in.com    |Init@1234                                                    |null   |com4in          |null |null    |suhee.lee@com4in.com |2023-04-24 00:00:00 |suhee.lee@com4in.com |2023-04-24 00:00:00 |null             |
|fee9517c-ce0a-4242-8202-061ccef37b05 |정시연  |siyeon.jung@com4in.com   |$2a$10$q4P0WpLRh/fT.lA5dPkdrufobmc7hrqfkcOQRMXEJs0Ka1iAe49yO |null   |com4in          |null |null    |suhee.lee@com4in.com |2023-04-24 00:00:00 |null                 |2023-04-27 00:00:00 |null             |
|d8978086-a7fb-481c-96a9-5695176044b7 |조은민  |eunmin.cho@com4in.com    |$2a$10$1bxtY4hWdHvixrdP1FeEgOd1XcaVn39f7g9gSDQMfFYS8NNYBT8xK |null   |com4in          |null |null    |suhee.lee@com4in.com |2023-04-24 00:00:00 |null                 |2023-08-04 00:00:00 |null             |
|a6b6bbd6-c849-44e0-8460-7b8dda8be012 |최성필  |sungpil.choi@com4in.com  |$2a$10$RGlQqHfiBPLsdGiAsDJbCOqrmCDeJ.cDFCr3.GsR8AeBrd8ATX5qe |null   |com4in          |null |null    |suhee.lee@com4in.com |2023-04-24 00:00:00 |null                 |2023-04-27 00:00:00 |null             |
|1d2e8a86-8e13-4eaf-a585-0b5471abaafb |추윤정  |yunjung.choo@com4in.com  |Init@1234                                                    |null   |com4in          |null |null    |suhee.lee@com4in.com |2023-04-24 00:00:00 |null                 |2023-04-28 00:00:00 |null             |
|-------------------------------------|-----|-------------------------|-------------------------------------------------------------|-------|----------------|-----|--------|---------------------|--------------------|---------------------|--------------------|-----------------|

[2023-10-23 10:54:05:218938][http-nio-8887-exec-8] INFO  jdbc.sqltiming - INSERT
            INTO
        INCIDENT (
            uuid
            , title
            , company_account
            , req_level
            , inquirer
            , manager
            , comp_req_date
            , comp_date
            , module
            , create_id
            , req_type
            , main_content
            , status_code
            , inquirer_email
            , sap_incident_number
            , result_content
        ) VALUES (
            'bdd40bd1-bbbb-4154-80d1-6c181ccf83e2'
            , 'test'
            , 'Hyundaidi'
            , '보통(5일)'
            , 'test'
            , 'yk.park@com4in.com'
            , '2023-10-30'
            , NULL
            , 'EC'
            , 'yk.park@com4in.com'
            , '권한관리'
            , '<p>test</p>'
            , '10'
            , 'yk.park@com4in.com'
            , 'test'
            , NULL
        )
 {executed in 13 msec}
[2023-10-23 10:54:05:218963][http-nio-8887-exec-8] INFO  jdbc.sqltiming - SELECT
                *
            FROM
                MAIL_TEMPLATE
            WHERE
                status_code = '10'
 {executed in 5 msec}
[2023-10-23 10:54:05:218964][http-nio-8887-exec-8] INFO  jdbc.resultsettable - 
|-------------------------------------|------------|-----------------|-------------------------------------------------------------------|-------------------|--------------------|----------|--------------------|
|uuid                                 |status_code |title            |content                                                            |create_id          |create_date         |update_id |update_date         |
|-------------------------------------|------------|-----------------|-------------------------------------------------------------------|-------------------|--------------------|----------|--------------------|
|63069d27-ad75-457f-b0a9-aee68cedaba6 |10          |새로운 이슈가 등록되었습니다. |새로운 이슈가 등록되었습니다. 
컴포인 ITSM에서 확인하여 주십시요.

http://52.79.66.172/




 |yk.park@com4in.com |2023-04-25 11:07:37 |null      |2023-05-12 16:48:26 |
|-------------------------------------|------------|-----------------|-------------------------------------------------------------------|-------------------|--------------------|----------|--------------------|

[2023-10-23 10:54:08:221847][http-nio-8887-exec-10] INFO  jdbc.sqltiming - /**********getIssueList**********/
        SELECT
            i.uuid,
            i.title,
            i.company_account,
            i.req_level,
            i.inquirer,
            i.manager,
            i.comp_req_date,
            i.comp_date,
            i.module,
            i.create_id,
            date_format(i.create_date, '%Y-%m-%d' ) as create_date,
            i.update_id,
            i.update_date,
            i.req_type,
            i.inquirer_email,
            i.status_code,
            (SELECT label FROM COMMON_CODE WHERE main_code ='A01' AND sub_code = i.status_code) AS status,
            i.time_taken,
            c.company_name,
            u.name as manager_name,
            i.sap_incident_number,
            i.result_content
        FROM
            INCIDENT i
            INNER JOIN
                COMPANY c ON c.company_account=i.company_account
            LEFT JOIN
                USER_LIST u ON u.email = i.manager
        WHERE
            1=1
            AND status_code != '60'

            ORDER BY i.create_date DESC
 {executed in 17 msec}
[2023-10-23 10:54:08:221857][http-nio-8887-exec-10] INFO  jdbc.resultsettable - 
|-------------------------------------|---------------------------------|----------------|----------|----------|------------------------|--------------|-----------|--------|------------------------|------------|------------------------|------------|---------|--------------------------|------------|-------|-----------|-------------|-----|--------------------|---------------|
|uuid                                 |title                            |company_account |req_level |inquirer  |manager                 |comp_req_date |comp_date  |module  |create_id               |create_date |update_id               |update_date |req_type |inquirer_email            |status_code |status |time_taken |company_name |name |sap_incident_number |result_content |
|-------------------------------------|---------------------------------|----------------|----------|----------|------------------------|--------------|-----------|--------|------------------------|------------|------------------------|------------|---------|--------------------------|------------|-------|-----------|-------------|-----|--------------------|---------------|
|bdd40bd1-bbbb-4154-80d1-6c181ccf83e2 |test                             |Hyundaidi       |보통(5일)    |test      |yk.park@com4in.com      |2023-10-30    |null       |EC      |yk.park@com4in.com      |2023-10-23  |null                    |[unread]    |권한관리     |yk.park@com4in.com        |10          |등록     |null       |HDI          |박영광  |test                |null           |
|9a977a37-fd26-4ec7-8b26-d14fb2342cd7 |test                             |Hyundaidi       |보통(5일)    |test      |yk.park@com4in.com      |2023-08-18    |null       |EC      |yk.park@com4in.com      |2023-08-11  |yk.park@com4in.com      |[unread]    |권한관리     |yk.park@com4in.com        |30          |진행완료   |00:30      |HDI          |박영광  |12                  |null           |
|47b2b43b-5f74-4441-b959-111aa408e841 |테스트입니다                           |bighitenteT1    |보통(5일)    |테스트       |jukyung.sung@com4in.com |2023-08-18    |null       |EC      |test@user.com           |2023-08-11  |null                    |[unread]    |권한관리     |test@user.com             |10          |등록     |null       |하이브          |성주경  |null                |null           |
|18810368-e8fe-4d2c-ab7a-45536c504d36 |테스트입니다                           |bighitenteT1    |보통(5일)    |테스트       |jukyung.sung@com4in.com |2023-08-17    |null       |EC      |test@user.com           |2023-08-10  |jukyung.sung@com4in.com |[unread]    |권한관리     |test@user.com             |50          |처리완료   |00:30      |하이브          |성주경  |null                |null           |
|db007d11-4299-4d58-a8b9-4934c3e4d054 |222                              |bighitenteT1    |보통(5일)    |테스트       |jukyung.sung@com4in.com |2023-08-17    |null       |EC      |test@user.com           |2023-08-10  |jukyung.sung@com4in.com |[unread]    |권한관리     |test@user.com             |30          |진행완료   |00:30      |하이브          |성주경  |null                |<p>재등록</p>     |
|78e9f2cc-c0b3-4689-8b41-6923181b7518 |123123                           |bighitenteT1    |보통(5일)    |테스트       |jukyung.sung@com4in.com |2023-08-17    |null       |EC      |test@user.com           |2023-08-10  |jukyung.sung@com4in.com |[unread]    |권한관리     |test@user.com             |30          |진행완료   |00:30      |하이브          |성주경  |null                |null           |
|0f9b969d-c27d-441f-a749-990f3264aae6 |테스트                              |Solusam         |보통(5일)    |테스트       |jukyung.sung@com4in.com |2023-08-17    |null       |RCM/RMK |jukyung.sung@com4in.com |2023-08-10  |null                    |[unread]    |권한관리     |test@user.com             |10          |등록     |null       |솔루스          |성주경  |123123              |<p>처리결과 저장</p> |
|6944e043-b429-4775-8be6-2f0e8ec38004 |test                             |bighitenteT1    |긴급(3일)    |성주경       |jukyung.sung@com4in.com |2023-08-15    |null       |EC      |jukyung.sung@com4in.com |2023-08-10  |null                    |[unread]    |권한관리     |jukyung.sung@com4in.com   |10          |등록     |null       |하이브          |성주경  |12345               |               |
|882cceb7-caa5-49e3-bd6e-02ed026ea745 |test                             |bighitenteT1    |보통(5일)    |테스트       |yk.park@com4in.com      |2023-08-16    |null       |EC      |test@user.com           |2023-08-09  |yk.park@com4in.com      |[unread]    |권한관리     |test@user.com             |20          |진행중    |00         |하이브          |박영광  |null                |null           |
|c76d7c6a-aebc-43c8-9909-a46d528fe240 |테스트 입니다.                         |bighitenteT1    |보통(5일)    |테스트       |yk.park@com4in.com      |2023-08-16    |null       |EC      |test@user.com           |2023-08-09  |yk.park@com4in.com      |[unread]    |권한관리     |test@user.com             |30          |진행완료   |00:30      |하이브          |박영광  |null                |null           |
|7836a3eb-2982-4e1f-8a68-b06e9c03fece |test of upload file              |bighitenteT1    |보통(5일)    |테스트       |eunmin.cho@com4in.com   |2023-08-16    |null       |EC      |test@user.com           |2023-08-09  |eunmin.cho@com4in.com   |[unread]    |권한관리     |test@user.com             |20          |진행중    |00         |하이브          |조은민  |null                |null           |
|6333ab9e-365d-4549-a086-b40ae8ab905c |test                             |bighitenteT1    |보통(5일)    |테스트       |yk.park@com4in.com      |2023-08-15    |2023-08-08 |EC      |test@user.com           |2023-08-08  |test@user.com           |[unread]    |권한관리     |test@user.com             |50          |처리완료   |00:30      |하이브          |박영광  |null                |null           |
|568ae902-6303-4e2a-9762-7bfd40e5837c |[TEST] 2018년도말 인원현황 요청           |Hyundaidi       |보통(5일)    |이향욱 책임매니저 |hyeeun.kang@com4in.com  |2023-07-06    |null       |EC      |hyeeun.kang@com4in.com  |2023-06-29  |hyeeun.kang@com4in.com  |[unread]    |문의응대     |hyeeun.kang@com4in.com    |30          |진행완료   |01:00      |HDI          |강혜은  |null                |null           |
|49ecd8fe-f72f-45cb-bfb3-c1d2273c5d0a |[TEST] 겸직/겸무/파견 종료시 데이터 자동 반영 문의 |Hyundaidi       |보통(5일)    |손현수 책임매니저 |hyeeun.kang@com4in.com  |2023-07-06    |null       |EC      |hyeeun.kang@com4in.com  |2023-06-29  |hyeeun.kang@com4in.com  |[unread]    |기능개선/변경  |hyeeun.kang@com4in.com    |20          |진행중    |00         |HDI          |강혜은  |null                |null           |
|3e662e13-fe91-4322-a8ae-f95cb99e1fa9 |[TEST] 매각 이전 데이터 문의              |Hyundaidi       |보통(5일)    |장미        |hyeeun.kang@com4in.com  |2023-07-06    |null       |EC      |hyeeun.kang@com4in.com  |2023-06-29  |hyeeun.kang@com4in.com  |[unread]    |데이터변경    |hyeeun.kang@com4in.com    |20          |진행중    |00         |HDI          |강혜은  |null                |null           |
|1faa7162-5db0-44d1-892b-762c2c8fc887 |[TEST] 부서명 추출 요청                 |Hyundaidi       |보통(5일)    |장미        |hyeeun.kang@com4in.com  |2023-06-29    |null       |EC      |hyeeun.kang@com4in.com  |2023-06-29  |hyeeun.kang@com4in.com  |[unread]    |문의응대     |hyeeun.kang@com4in.com    |30          |진행완료   |01:00      |HDI          |강혜은  |null                |null           |
|469b68bc-7d76-42bb-92b6-4de56e12f1a9 |[test] 개선 요구 사항                  |Hyundaidi       |보통(5일)    |이유민       |eunmin.cho@com4in.com   |2023-07-06    |null       |EC      |eunmin.cho@com4in.com   |2023-06-29  |eunmin.cho@com4in.com   |[unread]    |기능개선/변경  |eunmin.cho@com4in.com     |30          |진행완료   |24:00      |HDI          |조은민  |null                |null           |
|f44d255e-53c1-4c86-8f8e-0e783b3fbfc3 |[TEST] 이전 요구사항 조회 or 추가 되나요?     |Hyundaidi       |보통(5일)    |이유민       |eunmin.cho@com4in.com   |2023-07-06    |null       |EC      |eunmin.cho@com4in.com   |2023-06-29  |eunmin.cho@com4in.com   |[unread]    |문의응대     |youmin.lee@hyundai-di.com |10          |등록     |00         |HDI          |조은민  |null                |null           |
|dd1ab25b-a85a-4686-88c2-4316e706f0cb |[TEST] test                      |Hyundaidi       |보통(5일)    |장미        |hyeeun.kang@com4in.com  |2023-07-03    |null       |EC      |hyeeun.kang@com4in.com  |2023-06-26  |hyeeun.kang@com4in.com  |[unread]    |권한관리     |hyeeun.kang@com4in.com    |20          |진행중    |00         |HDI          |강혜은  |null                |null           |
|98838e14-a4b2-4327-bb03-677602cba79c |[TEST] 문의내용1                     |Hyundaidi       |보통(5일)    |장미        |suhee.lee@com4in.com    |2023-07-03    |null       |EC      |suhee.lee@com4in.com    |2023-06-26  |suhee.lee@com4in.com    |[unread]    |문의응대     |suhee.lee@com4in.com      |20          |진행중    |00         |HDI          |이수희  |null                |null           |
|df059928-fb78-4543-bb85-d8cbdf6d6f4e |[TEST] HDI 매각 이전 데이터 확인요청        |Hyundaidi       |보통(5일)    |이수희       |suhee.lee@com4in.com    |2023-07-03    |null       |EC      |suhee.lee@com4in.com    |2023-06-26  |suhee.lee@com4in.com    |[unread]    |데이터변경    |suhee.lee@com4in.com      |30          |진행완료   |10:00      |HDI          |이수희  |null                |null           |
|71e2c98a-7f6b-4a5a-85a9-56f70363c800 |tset                             |Hyundaidi       |보통(5일)    |test      |yk.park@com4in.com      |2023-06-02    |null       |EC      |yk.park@com4in.com      |2023-05-26  |yk.park@com4in.com      |[unread]    |권한관리     |test@com4in.com           |30          |진행완료   |00:30      |HDI          |박영광  |null                |null           |
|-------------------------------------|---------------------------------|----------------|----------|----------|------------------------|--------------|-----------|--------|------------------------|------------|------------------------|------------|---------|--------------------------|------------|-------|-----------|-------------|-----|--------------------|---------------|

