[2024-07-08 09:50:32:758][main] INFO  com.com4in.itsm.ItsmApplication - Starting ItsmApplication using Java 11.0.17 on DESKTOP-L0NBJRL with PID 54232 (D:\com4in\back\itsm\out\production\classes started by ykPark in D:\com4in\back\itsm)
[2024-07-08 09:50:32:763][main] INFO  com.com4in.itsm.ItsmApplication - No active profile set, falling back to 1 default profile: "default"
[2024-07-08 09:50:33:2053][main] INFO  o.s.c.s.PostProcessorRegistrationDelegate$BeanPostProcessorChecker - Bean 'org.springframework.ws.config.annotation.DelegatingWsConfiguration' of type [org.springframework.ws.config.annotation.DelegatingWsConfiguration$$EnhancerBySpringCGLIB$$90dcbb35] is not eligible for getting processed by all BeanPostProcessors (for example: not eligible for auto-proxying)
[2024-07-08 09:50:33:2066][main] WARN  o.s.xml.DocumentBuilderFactoryUtils - http://javax.xml.XMLConstants/property/accessExternalDTD property not supported by org.apache.xerces.jaxp.DocumentBuilderFactoryImpl
[2024-07-08 09:50:33:2067][main] WARN  o.s.xml.DocumentBuilderFactoryUtils - http://javax.xml.XMLConstants/property/accessExternalSchema property not supported by org.apache.xerces.jaxp.DocumentBuilderFactoryImpl
[2024-07-08 09:50:33:2091][main] INFO  o.s.w.s.a.s.AnnotationActionEndpointMapping - Supporting [WS-Addressing August 2004, WS-Addressing 1.0]
[2024-07-08 09:50:33:2313][main] INFO  o.s.b.w.e.tomcat.TomcatWebServer - Tomcat initialized with port(s): 8887 (http)
[2024-07-08 09:50:33:2320][main] INFO  o.a.coyote.http11.Http11NioProtocol - Initializing ProtocolHandler ["http-nio-8887"]
[2024-07-08 09:50:33:2320][main] INFO  o.a.catalina.core.StandardService - Starting service [Tomcat]
[2024-07-08 09:50:33:2321][main] INFO  o.a.catalina.core.StandardEngine - Starting Servlet engine: [Apache Tomcat/9.0.71]
[2024-07-08 09:50:33:2420][main] INFO  o.a.c.c.C.[Tomcat].[localhost].[/] - Initializing Spring embedded WebApplicationContext
[2024-07-08 09:50:33:2420][main] INFO  o.s.b.w.s.c.ServletWebServerApplicationContext - Root WebApplicationContext: initialization completed in 1625 ms
[2024-07-08 09:50:34:3343][main] INFO  o.s.s.w.DefaultSecurityFilterChain - Will secure any request with [org.springframework.security.web.session.DisableEncodeUrlFilter@43294e9b, org.springframework.security.web.context.request.async.WebAsyncManagerIntegrationFilter@26d24d7a, org.springframework.security.web.context.SecurityContextPersistenceFilter@591e5fd4, org.springframework.security.web.header.HeaderWriterFilter@68454ed5, org.springframework.web.filter.CorsFilter@5a78b52b, org.springframework.security.web.authentication.logout.LogoutFilter@26495639, com.com4in.itsm.jwt.JwtFilter@4bab78ce, org.springframework.security.web.authentication.UsernamePasswordAuthenticationFilter@6b3b4f37, org.springframework.security.web.authentication.www.BasicAuthenticationFilter@f42336c, org.springframework.security.web.savedrequest.RequestCacheAwareFilter@2248d140, org.springframework.security.web.servletapi.SecurityContextHolderAwareRequestFilter@37b238da, org.springframework.security.web.authentication.AnonymousAuthenticationFilter@42ffbab6, org.springframework.security.web.session.SessionManagementFilter@749ad37c, org.springframework.security.web.access.ExceptionTranslationFilter@3f64d943, org.springframework.security.web.access.intercept.FilterSecurityInterceptor@c1a74d]
[2024-07-08 09:50:35:3470][main] WARN  o.s.x.t.TransformerFactoryUtils - http://javax.xml.XMLConstants/property/accessExternalDTD property not supported by org.apache.xalan.processor.TransformerFactoryImpl
[2024-07-08 09:50:35:3470][main] WARN  o.s.x.t.TransformerFactoryUtils - http://javax.xml.XMLConstants/property/accessExternalStylesheet property not supported by org.apache.xalan.processor.TransformerFactoryImpl
[2024-07-08 09:50:35:3529][main] INFO  o.a.coyote.http11.Http11NioProtocol - Starting ProtocolHandler ["http-nio-8887"]
[2024-07-08 09:50:35:3544][main] INFO  o.s.b.w.e.tomcat.TomcatWebServer - Tomcat started on port(s): 8887 (http) with context path ''
[2024-07-08 09:50:35:3937][main] INFO  com.com4in.itsm.ItsmApplication - Started ItsmApplication in 3.733 seconds (JVM running for 5.962)
[2024-07-08 09:51:42:70897][http-nio-8887-exec-1] INFO  o.a.c.c.C.[Tomcat].[localhost].[/] - Initializing Spring DispatcherServlet 'dispatcherServlet'
[2024-07-08 09:51:42:70898][http-nio-8887-exec-1] INFO  o.s.web.servlet.DispatcherServlet - Initializing Servlet 'dispatcherServlet'
[2024-07-08 09:51:42:70900][http-nio-8887-exec-1] INFO  o.s.web.servlet.DispatcherServlet - Completed initialization in 1 ms
